[0.795s] Invoking command in '/home/julie/turtlebot_ws/src/turtlebot2_controler': PYTHONPATH=/home/julie/turtlebot_ws/build/turtlebot2_controler/prefix_override:/usr/lib/python3/dist-packages/colcon_core/task/python/colcon_distutils_commands:/home/julie/turtlebot_ws/install/turtlebot2_controler/lib/python3.10/site-packages:${PYTHONPATH} /usr/bin/python3 -W ignore:setup.py install is deprecated -W ignore:easy_install command is deprecated setup.py egg_info --egg-base ../../build/turtlebot2_controler build --build-base /home/julie/turtlebot_ws/build/turtlebot2_controler/build install --record /home/julie/turtlebot_ws/build/turtlebot2_controler/install.log --single-version-externally-managed install_data
[1.014s] running egg_info
[1.015s] writing ../../build/turtlebot2_controler/turtlebot2_controler.egg-info/PKG-INFO
[1.015s] writing dependency_links to ../../build/turtlebot2_controler/turtlebot2_controler.egg-info/dependency_links.txt
[1.016s] writing entry points to ../../build/turtlebot2_controler/turtlebot2_controler.egg-info/entry_points.txt
[1.016s] writing requirements to ../../build/turtlebot2_controler/turtlebot2_controler.egg-info/requires.txt
[1.016s] writing top-level names to ../../build/turtlebot2_controler/turtlebot2_controler.egg-info/top_level.txt
[1.017s] reading manifest file '../../build/turtlebot2_controler/turtlebot2_controler.egg-info/SOURCES.txt'
[1.019s] writing manifest file '../../build/turtlebot2_controler/turtlebot2_controler.egg-info/SOURCES.txt'
[1.019s] running build
[1.019s] running build_py
[1.020s] copying turtlebot2_controler/controller_node.py -> /home/julie/turtlebot_ws/build/turtlebot2_controler/build/lib/turtlebot2_controler
[1.020s] running install
[1.021s] running install_lib
[1.022s] copying /home/julie/turtlebot_ws/build/turtlebot2_controler/build/lib/turtlebot2_controler/controller_node.py -> /home/julie/turtlebot_ws/install/turtlebot2_controler/lib/python3.10/site-packages/turtlebot2_controler
[1.023s] byte-compiling /home/julie/turtlebot_ws/install/turtlebot2_controler/lib/python3.10/site-packages/turtlebot2_controler/controller_node.py to controller_node.cpython-310.pyc
[1.024s] running install_data
[1.024s] running install_egg_info
[1.026s] removing '/home/julie/turtlebot_ws/install/turtlebot2_controler/lib/python3.10/site-packages/turtlebot2_controler-0.0.0-py3.10.egg-info' (and everything under it)
[1.026s] Copying ../../build/turtlebot2_controler/turtlebot2_controler.egg-info to /home/julie/turtlebot_ws/install/turtlebot2_controler/lib/python3.10/site-packages/turtlebot2_controler-0.0.0-py3.10.egg-info
[1.028s] running install_scripts
[1.046s] Installing controller_node script to /home/julie/turtlebot_ws/install/turtlebot2_controler/lib/turtlebot2_controler
[1.047s] writing list of installed files to '/home/julie/turtlebot_ws/build/turtlebot2_controler/install.log'
[1.069s] Invoked command in '/home/julie/turtlebot_ws/src/turtlebot2_controler' returned '0': PYTHONPATH=/home/julie/turtlebot_ws/build/turtlebot2_controler/prefix_override:/usr/lib/python3/dist-packages/colcon_core/task/python/colcon_distutils_commands:/home/julie/turtlebot_ws/install/turtlebot2_controler/lib/python3.10/site-packages:${PYTHONPATH} /usr/bin/python3 -W ignore:setup.py install is deprecated -W ignore:easy_install command is deprecated setup.py egg_info --egg-base ../../build/turtlebot2_controler build --build-base /home/julie/turtlebot_ws/build/turtlebot2_controler/build install --record /home/julie/turtlebot_ws/build/turtlebot2_controler/install.log --single-version-externally-managed install_data
