[0.893s] Invoking command in '/home/julie/turtlebot_ws/src/turtlebot2_controler': PYTHONPATH=/home/julie/turtlebot_ws/build/turtlebot2_controler/prefix_override:/usr/lib/python3/dist-packages/colcon_core/task/python/colcon_distutils_commands:/home/julie/turtlebot_ws/install/turtlebot2_controler/lib/python3.10/site-packages:${PYTHONPATH} /usr/bin/python3 -W ignore:setup.py install is deprecated -W ignore:easy_install command is deprecated setup.py egg_info --egg-base ../../build/turtlebot2_controler build --build-base /home/julie/turtlebot_ws/build/turtlebot2_controler/build install --record /home/julie/turtlebot_ws/build/turtlebot2_controler/install.log --single-version-externally-managed install_data
[1.113s] running egg_info
[1.113s] creating ../../build/turtlebot2_controler/turtlebot2_controler.egg-info
[1.114s] writing ../../build/turtlebot2_controler/turtlebot2_controler.egg-info/PKG-INFO
[1.114s] writing dependency_links to ../../build/turtlebot2_controler/turtlebot2_controler.egg-info/dependency_links.txt
[1.114s] writing entry points to ../../build/turtlebot2_controler/turtlebot2_controler.egg-info/entry_points.txt
[1.114s] writing requirements to ../../build/turtlebot2_controler/turtlebot2_controler.egg-info/requires.txt
[1.115s] writing top-level names to ../../build/turtlebot2_controler/turtlebot2_controler.egg-info/top_level.txt
[1.115s] writing manifest file '../../build/turtlebot2_controler/turtlebot2_controler.egg-info/SOURCES.txt'
[1.117s] reading manifest file '../../build/turtlebot2_controler/turtlebot2_controler.egg-info/SOURCES.txt'
[1.119s] writing manifest file '../../build/turtlebot2_controler/turtlebot2_controler.egg-info/SOURCES.txt'
[1.119s] running build
[1.119s] running build_py
[1.119s] creating /home/julie/turtlebot_ws/build/turtlebot2_controler/build
[1.120s] creating /home/julie/turtlebot_ws/build/turtlebot2_controler/build/lib
[1.120s] creating /home/julie/turtlebot_ws/build/turtlebot2_controler/build/lib/turtlebot2_controler
[1.120s] copying turtlebot2_controler/__init__.py -> /home/julie/turtlebot_ws/build/turtlebot2_controler/build/lib/turtlebot2_controler
[1.121s] running install
[1.121s] running install_lib
[1.122s] creating /home/julie/turtlebot_ws/install/turtlebot2_controler/lib/python3.10/site-packages/turtlebot2_controler
[1.122s] copying /home/julie/turtlebot_ws/build/turtlebot2_controler/build/lib/turtlebot2_controler/__init__.py -> /home/julie/turtlebot_ws/install/turtlebot2_controler/lib/python3.10/site-packages/turtlebot2_controler
[1.123s] byte-compiling /home/julie/turtlebot_ws/install/turtlebot2_controler/lib/python3.10/site-packages/turtlebot2_controler/__init__.py to __init__.cpython-310.pyc
[1.123s] running install_data
[1.123s] creating /home/julie/turtlebot_ws/install/turtlebot2_controler/share/ament_index
[1.124s] creating /home/julie/turtlebot_ws/install/turtlebot2_controler/share/ament_index/resource_index
[1.124s] creating /home/julie/turtlebot_ws/install/turtlebot2_controler/share/ament_index/resource_index/packages
[1.124s] copying resource/turtlebot2_controler -> /home/julie/turtlebot_ws/install/turtlebot2_controler/share/ament_index/resource_index/packages
[1.124s] copying package.xml -> /home/julie/turtlebot_ws/install/turtlebot2_controler/share/turtlebot2_controler
[1.124s] running install_egg_info
[1.126s] Copying ../../build/turtlebot2_controler/turtlebot2_controler.egg-info to /home/julie/turtlebot_ws/install/turtlebot2_controler/lib/python3.10/site-packages/turtlebot2_controler-0.0.0-py3.10.egg-info
[1.127s] running install_scripts
[1.145s] writing list of installed files to '/home/julie/turtlebot_ws/build/turtlebot2_controler/install.log'
[1.168s] Invoked command in '/home/julie/turtlebot_ws/src/turtlebot2_controler' returned '0': PYTHONPATH=/home/julie/turtlebot_ws/build/turtlebot2_controler/prefix_override:/usr/lib/python3/dist-packages/colcon_core/task/python/colcon_distutils_commands:/home/julie/turtlebot_ws/install/turtlebot2_controler/lib/python3.10/site-packages:${PYTHONPATH} /usr/bin/python3 -W ignore:setup.py install is deprecated -W ignore:easy_install command is deprecated setup.py egg_info --egg-base ../../build/turtlebot2_controler build --build-base /home/julie/turtlebot_ws/build/turtlebot2_controler/build install --record /home/julie/turtlebot_ws/build/turtlebot2_controler/install.log --single-version-externally-managed install_data
